#
# There is insufficient memory for the Java Runtime Environment to continue.
# Native memory allocation (mmap) failed to map 102760448 bytes for G1 virtual space
# Possible reasons:
#   The system is out of physical RAM or swap space
#   The process is running with CompressedOops enabled, and the Java Heap may be blocking the growth of the native heap
# Possible solutions:
#   Reduce memory load on the system
#   Increase physical memory or swap space
#   Check if swap backing store is full
#   Decrease Java heap size (-Xmx/-Xms)
#   Decrease number of Java threads
#   Decrease Java thread stack sizes (-Xss)
#   Set larger code cache with -XX:ReservedCodeCacheSize=
#   JVM is running with Zero Based Compressed Oops mode in which the Java heap is
#     placed in the first 32GB address space. The Java Heap base address is the
#     maximum limit for the native heap growth. Please use -XX:HeapBaseMinAddress
#     to set the Java Heap base and to place the Java Heap above 32GB virtual address.
# This output file may be truncated or incomplete.
#
#  Out of Memory Error (os_windows.cpp:3548), pid=4168, tid=17884
#
# JRE version: Java(TM) SE Runtime Environment (17.0.11+7) (build 17.0.11+7-LTS-207)
# Java VM: Java HotSpot(TM) 64-Bit Server VM (17.0.11+7-LTS-207, mixed mode, sharing, tiered, compressed oops, compressed class ptrs, g1 gc, windows-amd64)
# No core dump will be written. Minidumps are not enabled by default on client versions of Windows
#

---------------  S U M M A R Y ------------

Command Line: org.jetbrains.kotlin.cli.jvm.K2JVMCompiler @E:\FlutterWorkSpace\animal_market\build\shared_preferences_android\20250610_6896820962970386279.compiler.options

Host: 11th Gen Intel(R) Core(TM) i5-11400 @ 2.60GHz, 12 cores, 15G,  Windows 11 , 64 bit Build 26100 (10.0.26100.3775)
Time: Tue Jun 10 11:15:33 2025 India Standard Time elapsed time: 11.607704 seconds (0d 0h 0m 11s)

---------------  T H R E A D  ---------------

Current thread (0x000001c1ff3ab220):  VMThread "VM Thread" [stack: 0x00000053bec00000,0x00000053bed00000] [id=17884]

Stack: [0x00000053bec00000,0x00000053bed00000]
Native frames: (J=compiled Java code, j=interpreted, Vv=VM code, C=native code)
V  [jvm.dll+0x679cca]
V  [jvm.dll+0x7da13d]
V  [jvm.dll+0x7dba83]
V  [jvm.dll+0x7dc0f3]
V  [jvm.dll+0x2449af]
V  [jvm.dll+0x676ce9]
V  [jvm.dll+0x66b852]
V  [jvm.dll+0x3018d6]
V  [jvm.dll+0x308e76]
V  [jvm.dll+0x3596ee]
V  [jvm.dll+0x35991f]
V  [jvm.dll+0x2d89a8]
V  [jvm.dll+0x2d6ddd]
V  [jvm.dll+0x2d642c]
V  [jvm.dll+0x319f8b]
V  [jvm.dll+0x7e09eb]
V  [jvm.dll+0x7e1724]
V  [jvm.dll+0x7e1c3d]
V  [jvm.dll+0x7e2014]
V  [jvm.dll+0x7e20e0]
V  [jvm.dll+0x78a85a]
V  [jvm.dll+0x678bb5]
C  [ucrtbase.dll+0x37b0]
C  [KERNEL32.DLL+0x2e8d7]
C  [ntdll.dll+0xb14fc]

VM_Operation (0x00000053be6f9690): G1CollectForAllocation, mode: safepoint, requested by thread 0x000001c1ef204ac0


---------------  P R O C E S S  ---------------

Threads class SMR info:
_java_thread_list=0x000001c1d9fab010, length=14, elements={
0x000001c1ef204ac0, 0x000001c1ff3b33f0, 0x000001c1ff3b4b20, 0x000001c1ff3c9f80,
0x000001c1ff3cab40, 0x000001c1ff3cb700, 0x000001c1ff3ce0d0, 0x000001c1d8111090,
0x000001c1d8113bf0, 0x000001c1d8115070, 0x000001c1d82482c0, 0x000001c1d8253a60,
0x000001c1dac97030, 0x000001c1d8e13230
}

Java Threads: ( => current thread )
  0x000001c1ef204ac0 JavaThread "main" [_thread_blocked, id=8748, stack(0x00000053be600000,0x00000053be700000)]
  0x000001c1ff3b33f0 JavaThread "Reference Handler" daemon [_thread_blocked, id=11096, stack(0x00000053bed00000,0x00000053bee00000)]
  0x000001c1ff3b4b20 JavaThread "Finalizer" daemon [_thread_blocked, id=6900, stack(0x00000053bee00000,0x00000053bef00000)]
  0x000001c1ff3c9f80 JavaThread "Signal Dispatcher" daemon [_thread_blocked, id=9560, stack(0x00000053bef00000,0x00000053bf000000)]
  0x000001c1ff3cab40 JavaThread "Attach Listener" daemon [_thread_blocked, id=17928, stack(0x00000053bf000000,0x00000053bf100000)]
  0x000001c1ff3cb700 JavaThread "Service Thread" daemon [_thread_blocked, id=18064, stack(0x00000053bf100000,0x00000053bf200000)]
  0x000001c1ff3ce0d0 JavaThread "Monitor Deflation Thread" daemon [_thread_blocked, id=1436, stack(0x00000053bf200000,0x00000053bf300000)]
  0x000001c1d8111090 JavaThread "C2 CompilerThread0" daemon [_thread_blocked, id=5296, stack(0x00000053bf300000,0x00000053bf400000)]
  0x000001c1d8113bf0 JavaThread "C1 CompilerThread0" daemon [_thread_blocked, id=8888, stack(0x00000053bf400000,0x00000053bf500000)]
  0x000001c1d8115070 JavaThread "Sweeper thread" daemon [_thread_blocked, id=15080, stack(0x00000053bf500000,0x00000053bf600000)]
  0x000001c1d82482c0 JavaThread "Notification Thread" daemon [_thread_blocked, id=14288, stack(0x00000053bf600000,0x00000053bf700000)]
  0x000001c1d8253a60 JavaThread "Common-Cleaner" daemon [_thread_blocked, id=11900, stack(0x00000053bf800000,0x00000053bf900000)]
  0x000001c1dac97030 JavaThread "C2 CompilerThread1" daemon [_thread_blocked, id=8476, stack(0x00000053c0000000,0x00000053c0100000)]
  0x000001c1d8e13230 JavaThread "C2 CompilerThread2" daemon [_thread_blocked, id=18796, stack(0x00000053c0500000,0x00000053c0600000)]

Other Threads:
=>0x000001c1ff3ab220 VMThread "VM Thread" [stack: 0x00000053bec00000,0x00000053bed00000] [id=17884]
  0x000001c1d82493c0 WatcherThread [stack: 0x00000053bf700000,0x00000053bf800000] [id=3412]
  0x000001c1ef26dcc0 GCTaskThread "GC Thread#0" [stack: 0x00000053be700000,0x00000053be800000] [id=4420]
  0x000001c1d87a0fa0 GCTaskThread "GC Thread#1" [stack: 0x00000053bfa00000,0x00000053bfb00000] [id=18716]
  0x000001c1d87a1260 GCTaskThread "GC Thread#2" [stack: 0x00000053bfb00000,0x00000053bfc00000] [id=19084]
  0x000001c1d87a1520 GCTaskThread "GC Thread#3" [stack: 0x00000053bfc00000,0x00000053bfd00000] [id=18324]
  0x000001c1d87a17e0 GCTaskThread "GC Thread#4" [stack: 0x00000053bfd00000,0x00000053bfe00000] [id=17296]
  0x000001c1d87a1aa0 GCTaskThread "GC Thread#5" [stack: 0x00000053bfe00000,0x00000053bff00000] [id=19220]
  0x000001c1d8b12870 GCTaskThread "GC Thread#6" [stack: 0x00000053bf900000,0x00000053bfa00000] [id=15860]
  0x000001c1d8b12d40 GCTaskThread "GC Thread#7" [stack: 0x00000053bff00000,0x00000053c0000000] [id=8084]
  0x000001c1d9c932c0 GCTaskThread "GC Thread#8" [stack: 0x00000053c0100000,0x00000053c0200000] [id=12684]
  0x000001c1d9c93580 GCTaskThread "GC Thread#9" [stack: 0x00000053c0200000,0x00000053c0300000] [id=18296]
  0x000001c1ef27e8e0 ConcurrentGCThread "G1 Main Marker" [stack: 0x00000053be800000,0x00000053be900000] [id=18980]
  0x000001c1ef27f2f0 ConcurrentGCThread "G1 Conc#0" [stack: 0x00000053be900000,0x00000053bea00000] [id=9768]
  0x000001c1d9c92d40 ConcurrentGCThread "G1 Conc#1" [stack: 0x00000053c0300000,0x00000053c0400000] [id=11784]
  0x000001c1d9c92500 ConcurrentGCThread "G1 Conc#2" [stack: 0x00000053c0400000,0x00000053c0500000] [id=14136]
  0x000001c1ff25f540 ConcurrentGCThread "G1 Refine#0" [stack: 0x00000053bea00000,0x00000053beb00000] [id=16688]
  0x000001c1ff261b60 ConcurrentGCThread "G1 Service" [stack: 0x00000053beb00000,0x00000053bec00000] [id=2444]

Threads with active compile tasks:
C1 CompilerThread0    11639 3887       3       org.jetbrains.kotlin.com.intellij.psi.stubs.ObjectStubBase::<init> (10 bytes)

VM state: at safepoint (normal execution)

VM Mutex/Monitor currently owned by a thread:  ([mutex/lock_event])
[0x000001c1ef201ce0] Threads_lock - owner thread: 0x000001c1ff3ab220
[0x000001c1ef200a50] Heap_lock - owner thread: 0x000001c1ef204ac0

Heap address: 0x0000000703200000, size: 4046 MB, Compressed Oops mode: Zero based, Oop shift amount: 3

CDS archive(s) mapped at: [0x000001c193000000-0x000001c193bd0000-0x000001c193bd0000), size 12386304, SharedBaseAddress: 0x000001c193000000, ArchiveRelocationMode: 1.
Compressed class space mapped at: 0x000001c194000000-0x000001c1d4000000, reserved size: 1073741824
Narrow klass base: 0x000001c193000000, Narrow klass shift: 0, Narrow klass range: 0x100000000

GC Precious Log:
 CPUs: 12 total, 12 available
 Memory: 16181M
 Large Page Support: Disabled
 NUMA Support: Disabled
 Compressed Oops: Enabled (Zero based)
 Heap Region Size: 2M
 Heap Min Capacity: 8M
 Heap Initial Capacity: 254M
 Heap Max Capacity: 4046M
 Pre-touch: Disabled
 Parallel Workers: 10
 Concurrent Workers: 3
 Concurrent Refinement Workers: 10
 Periodic GC: Disabled

Heap:
 garbage-first heap   total 61440K, used 35436K [0x0000000703200000, 0x0000000800000000)
  region size 2048K, 1 young (2048K), 1 survivors (2048K)
 Metaspace       used 46497K, committed 46784K, reserved 1114112K
  class space    used 5780K, committed 5888K, reserved 1048576K

Heap Regions: E=young(eden), S=young(survivor), O=old, HS=humongous(starts), HC=humongous(continues), CS=collection set, F=free, OA=open archive, CA=closed archive, TAMS=top-at-mark-start (previous, next)
|   0|0x0000000703200000, 0x0000000703400000, 0x0000000703400000|100%|HS|  |TAMS 0x0000000703400000, 0x0000000703200000| Complete 
|   1|0x0000000703400000, 0x0000000703600000, 0x0000000703600000|100%|HC|  |TAMS 0x0000000703600000, 0x0000000703400000| Complete 
|   2|0x0000000703600000, 0x0000000703800000, 0x0000000703800000|100%| O|  |TAMS 0x0000000703800000, 0x0000000703600000| Untracked 
|   3|0x0000000703800000, 0x0000000703a00000, 0x0000000703a00000|100%| O|  |TAMS 0x0000000703a00000, 0x0000000703800000| Untracked 
|   4|0x0000000703a00000, 0x0000000703c00000, 0x0000000703c00000|100%| O|  |TAMS 0x0000000703c00000, 0x0000000703a00000| Untracked 
|   5|0x0000000703c00000, 0x0000000703e00000, 0x0000000703e00000|100%| O|  |TAMS 0x0000000703e00000, 0x0000000703c00000| Untracked 
|   6|0x0000000703e00000, 0x0000000704000000, 0x0000000704000000|100%| O|  |TAMS 0x0000000704000000, 0x0000000703e00000| Untracked 
|   7|0x0000000704000000, 0x0000000704200000, 0x0000000704200000|100%| O|  |TAMS 0x0000000704200000, 0x0000000704000000| Untracked 
|   8|0x0000000704200000, 0x0000000704400000, 0x0000000704400000|100%| O|  |TAMS 0x0000000704400000, 0x0000000704200000| Untracked 
|   9|0x0000000704400000, 0x0000000704600000, 0x0000000704600000|100%| O|  |TAMS 0x0000000704600000, 0x0000000704400000| Untracked 
|  10|0x0000000704600000, 0x0000000704800000, 0x0000000704800000|100%| O|  |TAMS 0x0000000704800000, 0x0000000704600000| Untracked 
|  11|0x0000000704800000, 0x0000000704800000, 0x0000000704a00000|  0%| F|  |TAMS 0x0000000704800000, 0x0000000704800000| Untracked 
|  12|0x0000000704a00000, 0x0000000704c00000, 0x0000000704c00000|100%| O|  |TAMS 0x0000000704b4b000, 0x0000000704a00000| Untracked 
|  13|0x0000000704c00000, 0x0000000704e00000, 0x0000000704e00000|100%| O|  |TAMS 0x0000000704c00000, 0x0000000704c00000| Untracked 
|  14|0x0000000704e00000, 0x0000000705000000, 0x0000000705000000|100%| O|  |TAMS 0x0000000704e00000, 0x0000000704e00000| Untracked 
|  15|0x0000000705000000, 0x0000000705200000, 0x0000000705200000|100%| O|  |TAMS 0x0000000705000000, 0x0000000705000000| Untracked 
|  16|0x0000000705200000, 0x0000000705400000, 0x0000000705400000|100%| O|  |TAMS 0x0000000705200000, 0x0000000705200000| Untracked 
|  17|0x0000000705400000, 0x0000000705600000, 0x0000000705600000|100%| O|  |TAMS 0x0000000705400000, 0x0000000705400000| Untracked 
|  18|0x0000000705600000, 0x0000000705646000, 0x0000000705800000| 13%| O|  |TAMS 0x0000000705600000, 0x0000000705600000| Untracked 
|  19|0x0000000705800000, 0x0000000705800000, 0x0000000705a00000|  0%| F|  |TAMS 0x0000000705800000, 0x0000000705800000| Untracked 
|  20|0x0000000705a00000, 0x0000000705a00000, 0x0000000705c00000|  0%| F|  |TAMS 0x0000000705a00000, 0x0000000705a00000| Untracked 
|  21|0x0000000705c00000, 0x0000000705c00000, 0x0000000705e00000|  0%| F|  |TAMS 0x0000000705c00000, 0x0000000705c00000| Untracked 
|  22|0x0000000705e00000, 0x0000000705e00000, 0x0000000706000000|  0%| F|  |TAMS 0x0000000705e00000, 0x0000000705e00000| Untracked 
|  23|0x0000000706000000, 0x0000000706000000, 0x0000000706200000|  0%| F|  |TAMS 0x0000000706000000, 0x0000000706000000| Untracked 
| 108|0x0000000710a00000, 0x0000000710a00000, 0x0000000710c00000|  0%| F|  |TAMS 0x0000000710a00000, 0x0000000710a00000| Untracked 
| 109|0x0000000710c00000, 0x0000000710c00000, 0x0000000710e00000|  0%| F|  |TAMS 0x0000000710c00000, 0x0000000710c00000| Untracked 
| 110|0x0000000710e00000, 0x0000000710e00000, 0x0000000711000000|  0%| F|  |TAMS 0x0000000710e00000, 0x0000000710e00000| Untracked 
| 111|0x0000000711000000, 0x0000000711000000, 0x0000000711200000|  0%| F|  |TAMS 0x0000000711000000, 0x0000000711000000| Untracked 
| 112|0x0000000711200000, 0x0000000711255130, 0x0000000711400000| 16%| S|CS|TAMS 0x0000000711200000, 0x0000000711200000| Complete 
| 126|0x0000000712e00000, 0x0000000712e00000, 0x0000000713000000|  0%| F|  |TAMS 0x0000000712e00000, 0x0000000712e00000| Untracked 

Card table byte_map: [0x000001c1f7810000,0x000001c1f8000000] _byte_map_base: 0x000001c1f3ff7000

Marking Bits (Prev, Next): (CMBitMap*) 0x000001c1ef26e320, (CMBitMap*) 0x000001c1ef26e2e0
 Prev Bits: [0x000001c18f000000, 0x000001c192f38000)
 Next Bits: [0x000001c1f87f0000, 0x000001c1fc728000)

Polling page: 0x000001c1ed1a0000

Metaspace:

Usage:
  Non-class:     39.76 MB used.
      Class:      5.64 MB used.
       Both:     45.41 MB used.

Virtual space:
  Non-class space:       64.00 MB reserved,      39.94 MB ( 62%) committed,  1 nodes.
      Class space:        1.00 GB reserved,       5.75 MB ( <1%) committed,  1 nodes.
             Both:        1.06 GB reserved,      45.69 MB (  4%) committed. 

Chunk freelists:
   Non-Class:  6.81 MB
       Class:  10.26 MB
        Both:  17.08 MB

MaxMetaspaceSize: unlimited
CompressedClassSpaceSize: 1.00 GB
Initial GC threshold: 21.00 MB
Current GC threshold: 73.56 MB
CDS: on
MetaspaceReclaimPolicy: balanced
 - commit_granule_bytes: 65536.
 - commit_granule_words: 8192.
 - virtual_space_node_default_size: 8388608.
 - enlarge_chunks_in_place: 1.
 - new_chunks_are_fully_committed: 0.
 - uncommit_free_chunks: 1.
 - use_allocation_guard: 0.
 - handle_deallocations: 1.


Internal statistics:

num_allocs_failed_limit: 6.
num_arena_births: 224.
num_arena_deaths: 0.
num_vsnodes_births: 2.
num_vsnodes_deaths: 0.
num_space_committed: 730.
num_space_uncommitted: 0.
num_chunks_returned_to_freelist: 6.
num_chunks_taken_from_freelist: 1808.
num_chunk_merges: 6.
num_chunk_splits: 1499.
num_chunks_enlarged: 1377.
num_inconsistent_stats: 0.

CodeHeap 'non-profiled nmethods': size=120000Kb used=2223Kb max_used=2223Kb free=117776Kb
 bounds [0x000001c187ad0000, 0x000001c187d40000, 0x000001c18f000000]
CodeHeap 'profiled nmethods': size=120000Kb used=7924Kb max_used=7924Kb free=112075Kb
 bounds [0x000001c180000000, 0x000001c1807c0000, 0x000001c187530000]
CodeHeap 'non-nmethods': size=5760Kb used=1317Kb max_used=1362Kb free=4442Kb
 bounds [0x000001c187530000, 0x000001c1877a0000, 0x000001c187ad0000]
 total_blobs=4500 nmethods=3881 adapters=530
 compilation: enabled
              stopped_count=0, restarted_count=0
 full_count=0

Compilation events (20 events):
Event: 10.381 Thread 0x000001c1d8113bf0 nmethod 3877 0x000001c1807b7810 code [0x000001c1807b79c0, 0x000001c1807b7ce8]
Event: 10.381 Thread 0x000001c1d8113bf0 3878       3       org.jetbrains.kotlin.com.intellij.psi.stubs.StubList::access$200 (6 bytes)
Event: 10.381 Thread 0x000001c1d8113bf0 nmethod 3878 0x000001c1807b7e10 code [0x000001c1807b7fe0, 0x000001c1807b8368]
Event: 10.381 Thread 0x000001c1d8113bf0 3880       3       org.jetbrains.kotlin.com.intellij.psi.impl.compiled.SignatureParsing$CharIterator::current (26 bytes)
Event: 10.382 Thread 0x000001c1d8113bf0 nmethod 3880 0x000001c1807b8590 code [0x000001c1807b87a0, 0x000001c1807b8db8]
Event: 10.382 Thread 0x000001c1d8113bf0 3879       3       org.jetbrains.kotlin.com.intellij.psi.stubs.StubList::access$300 (5 bytes)
Event: 10.382 Thread 0x000001c1d8113bf0 nmethod 3879 0x000001c1807b9010 code [0x000001c1807b91c0, 0x000001c1807b9418]
Event: 10.382 Thread 0x000001c1d8113bf0 3881       3       org.jetbrains.kotlin.com.intellij.psi.stubs.StubList$TempState::ensureCapacityForNextChild (153 bytes)
Event: 10.382 Thread 0x000001c1d8111090 3884       4       org.jetbrains.kotlin.com.intellij.openapi.util.UserDataHolderBase::<init> (12 bytes)
Event: 10.383 Thread 0x000001c1d8113bf0 nmethod 3881 0x000001c1807b9510 code [0x000001c1807b97e0, 0x000001c1807ba918]
Event: 10.383 Thread 0x000001c1d8113bf0 3883       3       org.jetbrains.kotlin.com.intellij.psi.impl.compiled.SignatureParsing$CharIterator::next (22 bytes)
Event: 10.383 Thread 0x000001c1d8113bf0 nmethod 3883 0x000001c1807bae90 code [0x000001c1807bb020, 0x000001c1807bb178]
Event: 10.383 Thread 0x000001c1d8113bf0 3885       1       org.jetbrains.kotlin.com.intellij.psi.stubs.StubList::access$500 (5 bytes)
Event: 10.383 Thread 0x000001c1d8113bf0 nmethod 3885 0x000001c187cfb490 code [0x000001c187cfb620, 0x000001c187cfb6d8]
Event: 10.383 Thread 0x000001c1d8113bf0 3882       1       java.util.AbstractList$ListItr::nextIndex (5 bytes)
Event: 10.383 Thread 0x000001c1d8113bf0 nmethod 3882 0x000001c187cfb790 code [0x000001c187cfb920, 0x000001c187cfb9f8]
Event: 10.384 Thread 0x000001c1d8111090 nmethod 3884 0x000001c187cfba90 code [0x000001c187cfbc00, 0x000001c187cfbd58]
Event: 10.384 Thread 0x000001c1d8113bf0 3886       3       org.jetbrains.kotlin.com.intellij.psi.stubs.StubBase::<init> (106 bytes)
Event: 10.385 Thread 0x000001c1d8113bf0 nmethod 3886 0x000001c1807bb210 code [0x000001c1807bb580, 0x000001c1807bcc48]
Event: 10.385 Thread 0x000001c1d8113bf0 3887       3       org.jetbrains.kotlin.com.intellij.psi.stubs.ObjectStubBase::<init> (10 bytes)

GC Heap History (20 events):
Event: 0.935 GC heap after
{Heap after GC invocations=1 (full 0):
 garbage-first heap   total 260096K, used 7050K [0x0000000703200000, 0x0000000800000000)
  region size 2048K, 2 young (4096K), 2 survivors (4096K)
 Metaspace       used 6417K, committed 6592K, reserved 1114112K
  class space    used 645K, committed 704K, reserved 1048576K
}
Event: 2.025 GC heap before
{Heap before GC invocations=1 (full 0):
 garbage-first heap   total 260096K, used 39818K [0x0000000703200000, 0x0000000800000000)
  region size 2048K, 19 young (38912K), 2 survivors (4096K)
 Metaspace       used 16215K, committed 16448K, reserved 1114112K
  class space    used 1845K, committed 1920K, reserved 1048576K
}
Event: 2.029 GC heap after
{Heap after GC invocations=2 (full 0):
 garbage-first heap   total 260096K, used 8755K [0x0000000703200000, 0x0000000800000000)
  region size 2048K, 3 young (6144K), 3 survivors (6144K)
 Metaspace       used 16215K, committed 16448K, reserved 1114112K
  class space    used 1845K, committed 1920K, reserved 1048576K
}
Event: 2.861 GC heap before
{Heap before GC invocations=2 (full 0):
 garbage-first heap   total 260096K, used 35379K [0x0000000703200000, 0x0000000800000000)
  region size 2048K, 17 young (34816K), 3 survivors (6144K)
 Metaspace       used 21345K, committed 21504K, reserved 1114112K
  class space    used 2487K, committed 2560K, reserved 1048576K
}
Event: 2.870 GC heap after
{Heap after GC invocations=3 (full 0):
 garbage-first heap   total 260096K, used 14336K [0x0000000703200000, 0x0000000800000000)
  region size 2048K, 5 young (10240K), 5 survivors (10240K)
 Metaspace       used 21345K, committed 21504K, reserved 1114112K
  class space    used 2487K, committed 2560K, reserved 1048576K
}
Event: 4.664 GC heap before
{Heap before GC invocations=4 (full 0):
 garbage-first heap   total 55296K, used 40960K [0x0000000703200000, 0x0000000800000000)
  region size 2048K, 19 young (38912K), 5 survivors (10240K)
 Metaspace       used 27632K, committed 27840K, reserved 1114112K
  class space    used 3596K, committed 3648K, reserved 1048576K
}
Event: 4.674 GC heap after
{Heap after GC invocations=5 (full 0):
 garbage-first heap   total 57344K, used 16987K [0x0000000703200000, 0x0000000800000000)
  region size 2048K, 5 young (10240K), 5 survivors (10240K)
 Metaspace       used 27632K, committed 27840K, reserved 1114112K
  class space    used 3596K, committed 3648K, reserved 1048576K
}
Event: 6.759 GC heap before
{Heap before GC invocations=6 (full 0):
 garbage-first heap   total 57344K, used 37467K [0x0000000703200000, 0x0000000800000000)
  region size 2048K, 16 young (32768K), 5 survivors (10240K)
 Metaspace       used 32952K, committed 33216K, reserved 1114112K
  class space    used 4127K, committed 4288K, reserved 1048576K
}
Event: 6.770 GC heap after
{Heap after GC invocations=7 (full 0):
 garbage-first heap   total 57344K, used 18317K [0x0000000703200000, 0x0000000800000000)
  region size 2048K, 2 young (4096K), 2 survivors (4096K)
 Metaspace       used 32952K, committed 33216K, reserved 1114112K
  class space    used 4127K, committed 4288K, reserved 1048576K
}
Event: 7.849 GC heap before
{Heap before GC invocations=7 (full 0):
 garbage-first heap   total 57344K, used 40845K [0x0000000703200000, 0x0000000800000000)
  region size 2048K, 13 young (26624K), 2 survivors (4096K)
 Metaspace       used 37758K, committed 38016K, reserved 1114112K
  class space    used 4631K, committed 4800K, reserved 1048576K
}
Event: 7.858 GC heap after
{Heap after GC invocations=8 (full 0):
 garbage-first heap   total 57344K, used 20480K [0x0000000703200000, 0x0000000800000000)
  region size 2048K, 1 young (2048K), 1 survivors (2048K)
 Metaspace       used 37758K, committed 38016K, reserved 1114112K
  class space    used 4631K, committed 4800K, reserved 1048576K
}
Event: 9.161 GC heap before
{Heap before GC invocations=8 (full 0):
 garbage-first heap   total 57344K, used 40960K [0x0000000703200000, 0x0000000800000000)
  region size 2048K, 12 young (24576K), 1 survivors (2048K)
 Metaspace       used 44223K, committed 44544K, reserved 1114112K
  class space    used 5489K, committed 5632K, reserved 1048576K
}
Event: 9.170 GC heap after
{Heap after GC invocations=9 (full 0):
 garbage-first heap   total 57344K, used 21780K [0x0000000703200000, 0x0000000800000000)
  region size 2048K, 2 young (4096K), 2 survivors (4096K)
 Metaspace       used 44223K, committed 44544K, reserved 1114112K
  class space    used 5489K, committed 5632K, reserved 1048576K
}
Event: 9.368 GC heap before
{Heap before GC invocations=9 (full 0):
 garbage-first heap   total 57344K, used 40212K [0x0000000703200000, 0x0000000800000000)
  region size 2048K, 12 young (24576K), 2 survivors (4096K)
 Metaspace       used 44391K, committed 44672K, reserved 1114112K
  class space    used 5498K, committed 5632K, reserved 1048576K
}
Event: 9.384 GC heap after
{Heap after GC invocations=10 (full 0):
 garbage-first heap   total 57344K, used 29996K [0x0000000703200000, 0x0000000800000000)
  region size 2048K, 2 young (4096K), 2 survivors (4096K)
 Metaspace       used 44391K, committed 44672K, reserved 1114112K
  class space    used 5498K, committed 5632K, reserved 1048576K
}
Event: 9.710 GC heap before
{Heap before GC invocations=10 (full 0):
 garbage-first heap   total 57344K, used 42284K [0x0000000703200000, 0x0000000800000000)
  region size 2048K, 8 young (16384K), 2 survivors (4096K)
 Metaspace       used 44912K, committed 45120K, reserved 1114112K
  class space    used 5530K, committed 5632K, reserved 1048576K
}
Event: 9.720 GC heap after
{Heap after GC invocations=11 (full 0):
 garbage-first heap   total 57344K, used 33551K [0x0000000703200000, 0x0000000800000000)
  region size 2048K, 1 young (2048K), 1 survivors (2048K)
 Metaspace       used 44912K, committed 45120K, reserved 1114112K
  class space    used 5530K, committed 5632K, reserved 1048576K
}
Event: 10.230 GC heap before
{Heap before GC invocations=12 (full 0):
 garbage-first heap   total 61440K, used 41743K [0x0000000703200000, 0x0000000800000000)
  region size 2048K, 5 young (10240K), 1 survivors (2048K)
 Metaspace       used 45773K, committed 46016K, reserved 1114112K
  class space    used 5659K, committed 5760K, reserved 1048576K
}
Event: 10.238 GC heap after
{Heap after GC invocations=13 (full 0):
 garbage-first heap   total 61440K, used 35510K [0x0000000703200000, 0x0000000800000000)
  region size 2048K, 1 young (2048K), 1 survivors (2048K)
 Metaspace       used 45773K, committed 46016K, reserved 1114112K
  class space    used 5659K, committed 5760K, reserved 1048576K
}
Event: 10.386 GC heap before
{Heap before GC invocations=13 (full 0):
 garbage-first heap   total 61440K, used 37558K [0x0000000703200000, 0x0000000800000000)
  region size 2048K, 2 young (4096K), 1 survivors (2048K)
 Metaspace       used 46497K, committed 46784K, reserved 1114112K
  class space    used 5780K, committed 5888K, reserved 1048576K
}

Deoptimization events (20 events):
Event: 9.641 Thread 0x000001c1ef204ac0 DEOPT PACKING pc=0x000001c1805e0163 sp=0x00000053be6fb910
Event: 9.641 Thread 0x000001c1ef204ac0 DEOPT UNPACKING pc=0x000001c1875866e3 sp=0x00000053be6fae18 mode 0
Event: 9.655 Thread 0x000001c1ef204ac0 DEOPT PACKING pc=0x000001c1805e0163 sp=0x00000053be6fb910
Event: 9.655 Thread 0x000001c1ef204ac0 DEOPT UNPACKING pc=0x000001c1875866e3 sp=0x00000053be6fae18 mode 0
Event: 9.663 Thread 0x000001c1ef204ac0 DEOPT PACKING pc=0x000001c1805e1e84 sp=0x00000053be6fb3d0
Event: 9.663 Thread 0x000001c1ef204ac0 DEOPT UNPACKING pc=0x000001c1875866e3 sp=0x00000053be6fa880 mode 0
Event: 9.676 Thread 0x000001c1ef204ac0 Uncommon trap: trap_request=0xffffff3d fr.pc=0x000001c187cb2ad4 relative=0x0000000000004654
Event: 9.676 Thread 0x000001c1ef204ac0 Uncommon trap: reason=unstable_fused_if action=reinterpret pc=0x000001c187cb2ad4 method=org.jetbrains.kotlin.metadata.ProtoBuf$Type.<init>(Lorg/jetbrains/kotlin/protobuf/CodedInputStream;Lorg/jetbrains/kotlin/protobuf/ExtensionRegistryLite;)V @ 49 c2
Event: 9.676 Thread 0x000001c1ef204ac0 DEOPT PACKING pc=0x000001c187cb2ad4 sp=0x00000053be6fb130
Event: 9.676 Thread 0x000001c1ef204ac0 DEOPT UNPACKING pc=0x000001c187585ba3 sp=0x00000053be6fb0e8 mode 2
Event: 9.676 Thread 0x000001c1ef204ac0 Uncommon trap: trap_request=0xffffff45 fr.pc=0x000001c187c988f8 relative=0x00000000000017f8
Event: 9.676 Thread 0x000001c1ef204ac0 Uncommon trap: reason=unstable_if action=reinterpret pc=0x000001c187c988f8 method=org.jetbrains.kotlin.metadata.ProtoBuf$Type.hasFlexibleUpperBound()Z @ 7 c2
Event: 9.676 Thread 0x000001c1ef204ac0 DEOPT PACKING pc=0x000001c187c988f8 sp=0x00000053be6fb6e0
Event: 9.676 Thread 0x000001c1ef204ac0 DEOPT UNPACKING pc=0x000001c187585ba3 sp=0x00000053be6fb650 mode 2
Event: 9.693 Thread 0x000001c1ef204ac0 DEOPT PACKING pc=0x000001c1805e0163 sp=0x00000053be6fb910
Event: 9.693 Thread 0x000001c1ef204ac0 DEOPT UNPACKING pc=0x000001c1875866e3 sp=0x00000053be6fae18 mode 0
Event: 9.830 Thread 0x000001c1ef204ac0 Uncommon trap: trap_request=0xffffff45 fr.pc=0x000001c187c180e4 relative=0x0000000000000344
Event: 9.831 Thread 0x000001c1ef204ac0 Uncommon trap: reason=unstable_if action=reinterpret pc=0x000001c187c180e4 method=java.lang.String.indexOf([BBILjava/lang/String;I)I @ 54 c2
Event: 9.831 Thread 0x000001c1ef204ac0 DEOPT PACKING pc=0x000001c187c180e4 sp=0x00000053be6fbbd0
Event: 9.831 Thread 0x000001c1ef204ac0 DEOPT UNPACKING pc=0x000001c187585ba3 sp=0x00000053be6fbac8 mode 2

Classes unloaded (0 events):
No events

Classes redefined (0 events):
No events

Internal exceptions (20 events):
Event: 1.844 Thread 0x000001c1ef204ac0 Exception <a 'java/lang/NoSuchMethodError'{0x0000000710e47fc0}: 'void java.lang.invoke.DirectMethodHandle$Holder.invokeStaticInit(java.lang.Object, java.lang.Object)'> (0x0000000710e47fc0) 
thrown [s\open\src\hotspot\share\interpreter\linkResolver.cpp, line 759]
Event: 1.908 Thread 0x000001c1ef204ac0 Exception <a 'java/lang/NoSuchMethodError'{0x0000000710c43178}: 'int java.lang.invoke.DirectMethodHandle$Holder.invokeVirtual(java.lang.Object, java.lang.Object, java.lang.Object)'> (0x0000000710c43178) 
thrown [s\open\src\hotspot\share\interpreter\linkResolver.cpp, line 759]
Event: 2.005 Thread 0x000001c1ef204ac0 Exception <a 'java/lang/NoSuchMethodError'{0x0000000710b904a8}: 'void java.lang.invoke.DirectMethodHandle$Holder.invokeVirtual(java.lang.Object, java.lang.Object)'> (0x0000000710b904a8) 
thrown [s\open\src\hotspot\share\interpreter\linkResolver.cpp, line 759]
Event: 2.016 Thread 0x000001c1ef204ac0 Exception <a 'sun/nio/fs/WindowsException'{0x0000000710bd87a0}> (0x0000000710bd87a0) 
thrown [s\open\src\hotspot\share\prims\jni.cpp, line 516]
Event: 2.039 Thread 0x000001c1ef204ac0 Exception <a 'java/lang/NoSuchMethodError'{0x0000000712e0cf68}: 'java.lang.Object java.lang.invoke.Invokers$Holder.invoke_MT(java.lang.Object, java.lang.Object, java.lang.Object)'> (0x0000000712e0cf68) 
thrown [s\open\src\hotspot\share\interpreter\linkResolver.cpp, line 759]
Event: 2.209 Thread 0x000001c1ef204ac0 Exception <a 'java/lang/NoSuchMethodError'{0x000000071252a720}: 'java.lang.Object java.lang.invoke.DirectMethodHandle$Holder.newInvokeSpecial(java.lang.Object, int, java.lang.Object, java.lang.Object, java.lang.Object, java.lang.Object)'> (0x000000071252a720) 
thrown [s\open\src\hotspot\share\interpreter\linkResolver.cpp, line 759]
Event: 2.304 Thread 0x000001c1ef204ac0 Exception <a 'java/lang/NoSuchMethodError'{0x0000000712281438}: 'java.lang.Object java.lang.invoke.DirectMethodHandle$Holder.invokeStatic(java.lang.Object, java.lang.Object, int, java.lang.Object)'> (0x0000000712281438) 
thrown [s\open\src\hotspot\share\interpreter\linkResolver.cpp, line 759]
Event: 2.640 Thread 0x000001c1ef204ac0 Exception <a 'java/lang/NoSuchMethodError'{0x0000000711cf9b50}: 'java.lang.Object java.lang.invoke.DirectMethodHandle$Holder.newInvokeSpecial(java.lang.Object, java.lang.Object, java.lang.Object, java.lang.Object, java.lang.Object, java.lang.Object)'> (0x0000000711cf9b50) 
thrown [s\open\src\hotspot\share\interpreter\linkResolver.cpp, line 759]
Event: 3.934 Thread 0x000001c1ef204ac0 Exception <a 'java/lang/NoSuchMethodError'{0x0000000704f25798}: 'java.lang.Object java.lang.invoke.DirectMethodHandle$Holder.newInvokeSpecial(java.lang.Object, java.lang.Object, java.lang.Object, java.lang.Object, java.lang.Object, java.lang.Object, java.lang.Object)'> (0x0000000704f25798) 
thrown [s\open\src\hotspot\share\interpreter\linkResolver.cpp, line 759]
Event: 3.935 Thread 0x000001c1ef204ac0 Exception <a 'java/lang/NoSuchMethodError'{0x0000000704f2a0a8}: 'java.lang.Object java.lang.invoke.Invokers$Holder.linkToTargetMethod(java.lang.Object, java.lang.Object, java.lang.Object, java.lang.Object, java.lang.Object, java.lang.Object, java.lang.Object)'> (0x0000000704f2a0a8) 
thrown [s\open\src\hotspot\share\interpreter\linkResolver.cpp, line 759]
Event: 5.041 Thread 0x000001c1ef204ac0 Exception <a 'java/lang/NoSuchMethodError'{0x000000071133aa40}: 'java.lang.Object java.lang.invoke.DirectMethodHandle$Holder.invokeVirtual(java.lang.Object, java.lang.Object, java.lang.Object)'> (0x000000071133aa40) 
thrown [s\open\src\hotspot\share\interpreter\linkResolver.cpp, line 759]
Event: 5.178 Thread 0x000001c1ef204ac0 Exception <a 'java/lang/NoSuchMethodError'{0x00000007110c8448}: 'java.lang.Object java.lang.invoke.DirectMethodHandle$Holder.newInvokeSpecial(java.lang.Object, java.lang.Object, int)'> (0x00000007110c8448) 
thrown [s\open\src\hotspot\share\interpreter\linkResolver.cpp, line 759]
Event: 5.662 Thread 0x000001c1ef204ac0 Exception <a 'java/lang/NoSuchMethodError'{0x0000000705b2d3f0}: 'int java.lang.invoke.DirectMethodHandle$Holder.invokeStaticInit(java.lang.Object, int)'> (0x0000000705b2d3f0) 
thrown [s\open\src\hotspot\share\interpreter\linkResolver.cpp, line 759]
Event: 7.824 Thread 0x000001c1ef204ac0 Exception <a 'java/lang/NoSuchMethodError'{0x000000070558ce58}: 'java.lang.Object java.lang.invoke.DirectMethodHandle$Holder.newInvokeSpecial(java.lang.Object, java.lang.Object, java.lang.Object, int, java.lang.Object)'> (0x000000070558ce58) 
thrown [s\open\src\hotspot\share\interpreter\linkResolver.cpp, line 759]
Event: 7.825 Thread 0x000001c1ef204ac0 Exception <a 'java/lang/NoSuchMethodError'{0x0000000705594a18}: 'java.lang.Object java.lang.invoke.Invokers$Holder.linkToTargetMethod(java.lang.Object, java.lang.Object, int, java.lang.Object, java.lang.Object)'> (0x0000000705594a18) 
thrown [s\open\src\hotspot\share\interpreter\linkResolver.cpp, line 759]
Event: 8.125 Thread 0x000001c1ef204ac0 Exception <a 'java/lang/NoSuchMethodError'{0x0000000711191870}: 'java.lang.Object java.lang.invoke.Invokers$Holder.invokeExact_MT(java.lang.Object, java.lang.Object, java.lang.Object, java.lang.Object, java.lang.Object, java.lang.Object)'> (0x0000000711191870) 
thrown [s\open\src\hotspot\share\interpreter\linkResolver.cpp, line 759]
Event: 10.211 Thread 0x000001c1ef204ac0 Exception <a 'java/lang/NoSuchMethodError'{0x0000000710fa0f38}: 'java.lang.Object java.lang.invoke.DirectMethodHandle$Holder.invokeStatic(java.lang.Object, java.lang.Object, java.lang.Object, java.lang.Object, int)'> (0x0000000710fa0f38) 
thrown [s\open\src\hotspot\share\interpreter\linkResolver.cpp, line 759]
Event: 10.212 Thread 0x000001c1ef204ac0 Exception <a 'java/lang/NoSuchMethodError'{0x0000000710faaa98}: 'java.lang.Object java.lang.invoke.DirectMethodHandle$Holder.newInvokeSpecial(java.lang.Object, java.lang.Object, java.lang.Object, java.lang.Object, int)'> (0x0000000710faaa98) 
thrown [s\open\src\hotspot\share\interpreter\linkResolver.cpp, line 759]
Event: 10.213 Thread 0x000001c1ef204ac0 Exception <a 'java/lang/NoSuchMethodError'{0x0000000710faf320}: 'java.lang.Object java.lang.invoke.DirectMethodHandle$Holder.invokeSpecial(java.lang.Object, java.lang.Object, java.lang.Object, java.lang.Object, java.lang.Object, int)'> (0x0000000710faf320) 
thrown [s\open\src\hotspot\share\interpreter\linkResolver.cpp, line 759]
Event: 10.214 Thread 0x000001c1ef204ac0 Exception <a 'java/lang/NoSuchMethodError'{0x0000000710fb3558}: 'java.lang.Object java.lang.invoke.Invokers$Holder.linkToTargetMethod(java.lang.Object, java.lang.Object, java.lang.Object, int, java.lang.Object)'> (0x0000000710fb3558) 
thrown [s\open\src\hotspot\share\interpreter\linkResolver.cpp, line 759]

VM Operations (20 events):
Event: 8.847 Executing VM operation: HandshakeAllThreads done
Event: 8.910 Executing VM operation: HandshakeAllThreads
Event: 8.910 Executing VM operation: HandshakeAllThreads done
Event: 8.910 Executing VM operation: Cleanup
Event: 8.910 Executing VM operation: Cleanup done
Event: 9.161 Executing VM operation: G1CollectForAllocation
Event: 9.170 Executing VM operation: G1CollectForAllocation done
Event: 9.368 Executing VM operation: G1CollectForAllocation
Event: 9.384 Executing VM operation: G1CollectForAllocation done
Event: 9.474 Executing VM operation: HandshakeAllThreads
Event: 9.474 Executing VM operation: HandshakeAllThreads done
Event: 9.709 Executing VM operation: G1CollectForAllocation
Event: 9.721 Executing VM operation: G1CollectForAllocation done
Event: 9.737 Executing VM operation: G1Concurrent
Event: 9.743 Executing VM operation: G1Concurrent done
Event: 9.750 Executing VM operation: G1Concurrent
Event: 9.750 Executing VM operation: G1Concurrent done
Event: 10.230 Executing VM operation: G1CollectForAllocation
Event: 10.238 Executing VM operation: G1CollectForAllocation done
Event: 10.386 Executing VM operation: G1CollectForAllocation

Events (20 events):
Event: 8.416 loading class java/util/stream/Nodes$ArrayNode
Event: 8.416 loading class java/util/stream/Nodes$ArrayNode done
Event: 8.416 loading class java/util/stream/Nodes$FixedNodeBuilder done
Event: 8.487 Thread 0x000001c1d8e13230 Thread added: 0x000001c1d8e13230
Event: 8.683 loading class java/util/ComparableTimSort
Event: 8.684 loading class java/util/ComparableTimSort done
Event: 8.849 loading class java/util/stream/LongStream
Event: 8.853 loading class java/util/stream/LongStream done
Event: 8.853 loading class java/util/stream/DoubleStream
Event: 8.854 loading class java/util/stream/DoubleStream done
Event: 8.909 loading class java/util/AbstractList$SubList
Event: 8.909 loading class java/util/AbstractList$SubList done
Event: 8.909 loading class java/util/AbstractList$SubList$1
Event: 8.909 loading class java/util/AbstractList$SubList$1 done
Event: 8.909 loading class java/util/AbstractList$ListItr
Event: 8.909 loading class java/util/AbstractList$ListItr done
Event: 9.093 loading class java/util/RegularEnumSet$EnumSetIterator
Event: 9.093 loading class java/util/RegularEnumSet$EnumSetIterator done
Event: 9.531 loading class java/lang/Byte$ByteCache
Event: 9.531 loading class java/lang/Byte$ByteCache done


Dynamic libraries:
0x00007ff6b6fe0000 - 0x00007ff6b6ff0000 	C:\Program Files\Java\jdk-17\bin\java.exe
0x00007ffcab220000 - 0x00007ffcab480000 	C:\WINDOWS\SYSTEM32\ntdll.dll
0x00007ffcaa340000 - 0x00007ffcaa407000 	C:\WINDOWS\System32\KERNEL32.DLL
0x00007ffca8a60000 - 0x00007ffca8e2a000 	C:\WINDOWS\System32\KERNELBASE.dll
0x00007ffca8400000 - 0x00007ffca854b000 	C:\WINDOWS\System32\ucrtbase.dll
0x00007ffc50220000 - 0x00007ffc50239000 	C:\Program Files\Java\jdk-17\bin\jli.dll
0x00007ffca9120000 - 0x00007ffca91d2000 	C:\WINDOWS\System32\ADVAPI32.dll
0x00007ffcaa280000 - 0x00007ffcaa329000 	C:\WINDOWS\System32\msvcrt.dll
0x00007ffca9660000 - 0x00007ffca9706000 	C:\WINDOWS\System32\sechost.dll
0x00007ffcaae60000 - 0x00007ffcaaf76000 	C:\WINDOWS\System32\RPCRT4.dll
0x00007ffcaaa70000 - 0x00007ffcaac3c000 	C:\WINDOWS\System32\USER32.dll
0x00007ffca8680000 - 0x00007ffca86a7000 	C:\WINDOWS\System32\win32u.dll
0x00007ffcab000000 - 0x00007ffcab02a000 	C:\WINDOWS\System32\GDI32.dll
0x00007ffca8e30000 - 0x00007ffca8f61000 	C:\WINDOWS\System32\gdi32full.dll
0x00007ffca8f70000 - 0x00007ffca9013000 	C:\WINDOWS\System32\msvcp_win.dll
0x00007ffc360e0000 - 0x00007ffc360fb000 	C:\Program Files\Java\jdk-17\bin\VCRUNTIME140.dll
0x00007ffc975e0000 - 0x00007ffc97877000 	C:\WINDOWS\WinSxS\amd64_microsoft.windows.common-controls_6595b64144ccf1df_6.0.26100.3624_none_3e086962e3345f24\COMCTL32.dll
0x00007ffca6890000 - 0x00007ffca689b000 	C:\WINDOWS\SYSTEM32\VERSION.dll
0x00007ffca91e0000 - 0x00007ffca920f000 	C:\WINDOWS\System32\IMM32.DLL
0x00007ffc75b30000 - 0x00007ffc75b3c000 	C:\Program Files\Java\jdk-17\bin\vcruntime140_1.dll
0x00007ffc344d0000 - 0x00007ffc3455e000 	C:\Program Files\Java\jdk-17\bin\msvcp140.dll
0x00007ffc16980000 - 0x00007ffc17560000 	C:\Program Files\Java\jdk-17\bin\server\jvm.dll
0x00007ffca9720000 - 0x00007ffca9728000 	C:\WINDOWS\System32\PSAPI.DLL
0x00007ffc6e8f0000 - 0x00007ffc6e8fa000 	C:\WINDOWS\SYSTEM32\WSOCK32.dll
0x00007ffcaa410000 - 0x00007ffcaa484000 	C:\WINDOWS\System32\WS2_32.dll
0x00007ffc97e40000 - 0x00007ffc97e76000 	C:\WINDOWS\SYSTEM32\WINMM.dll
0x00007ffca7210000 - 0x00007ffca722a000 	C:\WINDOWS\SYSTEM32\kernel.appcore.dll
0x00007ffc56860000 - 0x00007ffc5686a000 	C:\Program Files\Java\jdk-17\bin\jimage.dll
0x00007ffc97ea0000 - 0x00007ffc980e1000 	C:\WINDOWS\SYSTEM32\DBGHELP.DLL
0x00007ffca92d0000 - 0x00007ffca9652000 	C:\WINDOWS\System32\combase.dll
0x00007ffcaa1a0000 - 0x00007ffcaa276000 	C:\WINDOWS\System32\OLEAUT32.dll
0x00007ffc94070000 - 0x00007ffc940a9000 	C:\WINDOWS\SYSTEM32\dbgcore.DLL
0x00007ffca85e0000 - 0x00007ffca8679000 	C:\WINDOWS\System32\bcryptPrimitives.dll
0x00007ffc360b0000 - 0x00007ffc360d5000 	C:\Program Files\Java\jdk-17\bin\java.dll
0x00007ffc168a0000 - 0x00007ffc16977000 	C:\Program Files\Java\jdk-17\bin\jsvml.dll
0x00007ffca9a70000 - 0x00007ffcaa199000 	C:\WINDOWS\System32\SHELL32.dll
0x00007ffca86b0000 - 0x00007ffca8818000 	C:\WINDOWS\System32\wintypes.dll
0x00007ffca5fc0000 - 0x00007ffca6812000 	C:\WINDOWS\SYSTEM32\windows.storage.dll
0x00007ffcaa490000 - 0x00007ffcaa57d000 	C:\WINDOWS\System32\SHCORE.dll
0x00007ffcaaf80000 - 0x00007ffcaafe4000 	C:\WINDOWS\System32\shlwapi.dll
0x00007ffca8310000 - 0x00007ffca833f000 	C:\WINDOWS\SYSTEM32\profapi.dll
0x00007ffc33410000 - 0x00007ffc33429000 	C:\Program Files\Java\jdk-17\bin\net.dll
0x00007ffca1e00000 - 0x00007ffca1f1d000 	C:\WINDOWS\SYSTEM32\WINHTTP.dll
0x00007ffca7850000 - 0x00007ffca78ba000 	C:\WINDOWS\system32\mswsock.dll
0x00007ffc30b20000 - 0x00007ffc30b36000 	C:\Program Files\Java\jdk-17\bin\nio.dll
0x00007ffc35fd0000 - 0x00007ffc35fe8000 	C:\Program Files\Java\jdk-17\bin\zip.dll
0x00007ffc50440000 - 0x00007ffc50450000 	C:\Program Files\Java\jdk-17\bin\verify.dll

dbghelp: loaded successfully - version: 4.0.5 - missing functions: none
symbol engine: initialized successfully - sym options: 0x614 - pdb path: .;C:\Program Files\Java\jdk-17\bin;C:\WINDOWS\SYSTEM32;C:\WINDOWS\WinSxS\amd64_microsoft.windows.common-controls_6595b64144ccf1df_6.0.26100.3624_none_3e086962e3345f24;C:\Program Files\Java\jdk-17\bin\server

VM Arguments:
java_command: org.jetbrains.kotlin.cli.jvm.K2JVMCompiler @E:\FlutterWorkSpace\animal_market\build\shared_preferences_android\20250610_6896820962970386279.compiler.options
java_class_path (initial): C:\Users\admin\.gradle\caches\modules-2\files-2.1\org.jetbrains.kotlin\kotlin-compiler-embeddable\2.0.20\244b603e8c729f98baaf9088d90b5b9350c68af8\kotlin-compiler-embeddable-2.0.20.jar;C:\Users\admin\.gradle\caches\modules-2\files-2.1\org.jetbrains.kotlin\kotlin-stdlib\2.0.20\7388d355f7cceb002cd387ccb7ab3850e4e0a07f\kotlin-stdlib-2.0.20.jar;C:\Users\admin\.gradle\caches\modules-2\files-2.1\org.jetbrains.kotlin\kotlin-script-runtime\2.0.20\4aea042b39014e0a924c2e1d4a21b6fff7e4d35\kotlin-script-runtime-2.0.20.jar;C:\Users\admin\.gradle\caches\modules-2\files-2.1\org.jetbrains.kotlin\kotlin-reflect\1.6.10\1cbe9c92c12a94eea200d23c2bbaedaf3daf5132\kotlin-reflect-1.6.10.jar;C:\Users\admin\.gradle\caches\modules-2\files-2.1\org.jetbrains.kotlin\kotlin-daemon-embeddable\2.0.20\9eb02dce62f058efe6a121cf00cf5da9779e2746\kotlin-daemon-embeddable-2.0.20.jar;C:\Users\admin\.gradle\caches\modules-2\files-2.1\org.jetbrains.intellij.deps\trove4j\1.0.20200330\3afb14d5f9ceb459d724e907a21145e8ff394f02\trove4j-1.0.20200330.jar;C:\Users\admin\.gradle\caches\modules-2\files-2.1\org.jetbrains.kotlinx\kotlinx-coroutines-core-jvm\1.6.4\2c997cd1c0ef33f3e751d3831929aeff1390cb30\kotlinx-coroutines-core-jvm-1.6.4.jar;C:\Users\admin\.gradle\caches\modules-2\files-2.1\org.jetbrains\annotations\13.0\919f0dfe192fb4e063e7dacadee7f8bb9a2672a9\annotations-13.0.jar
Launcher Type: SUN_STANDARD

[Global flags]
     intx CICompilerCount                          = 4                                         {product} {ergonomic}
     uint ConcGCThreads                            = 3                                         {product} {ergonomic}
     uint G1ConcRefinementThreads                  = 10                                        {product} {ergonomic}
   size_t G1HeapRegionSize                         = 2097152                                   {product} {ergonomic}
    uintx GCDrainStackTargetSize                   = 64                                        {product} {ergonomic}
   size_t InitialHeapSize                          = 266338304                                 {product} {ergonomic}
   size_t MarkStackSize                            = 4194304                                   {product} {ergonomic}
   size_t MaxHeapSize                              = 4242538496                                {product} {ergonomic}
   size_t MaxNewSize                               = 2543845376                                {product} {ergonomic}
   size_t MinHeapDeltaBytes                        = 2097152                                   {product} {ergonomic}
   size_t MinHeapSize                              = 8388608                                   {product} {ergonomic}
    uintx NonNMethodCodeHeapSize                   = 5839372                                {pd product} {ergonomic}
    uintx NonProfiledCodeHeapSize                  = 122909434                              {pd product} {ergonomic}
    uintx ProfiledCodeHeapSize                     = 122909434                              {pd product} {ergonomic}
    uintx ReservedCodeCacheSize                    = 251658240                              {pd product} {ergonomic}
     bool SegmentedCodeCache                       = true                                      {product} {ergonomic}
   size_t SoftMaxHeapSize                          = 4242538496                             {manageable} {ergonomic}
     bool UseCompressedClassPointers               = true                           {product lp64_product} {ergonomic}
     bool UseCompressedOops                        = true                           {product lp64_product} {ergonomic}
     bool UseG1GC                                  = true                                      {product} {ergonomic}
     bool UseLargePagesIndividualAllocation        = false                                  {pd product} {ergonomic}

Logging:
Log output configuration:
 #0: stdout all=warning uptime,level,tags
 #1: stderr all=off uptime,level,tags

Environment Variables:
JAVA_HOME=D:\AndroidSetup1\jbr
CLASSPATH=E:\FlutterWorkSpace\animal_market\android\\gradle\wrapper\gradle-wrapper.jar
PATH=D:\AndroidSetup1\jbr\bin;C:\Program Files\Common Files\Oracle\Java\javapath;C:\Windows\system32;C:\Windows;C:\Windows\System32\Wbem;C:\Windows\System32\WindowsPowerShell\v1.0\;C:\Windows\System32\OpenSSH\;C:\Program Files\Microsoft SQL Server\150\Tools\Binn\;C:\Program Files\Microsoft SQL Server\Client SDK\ODBC\170\Tools\Binn\;C:\Program Files\dotnet\;C:\WINDOWS\system32;C:\WINDOWS;C:\WINDOWS\System32\Wbem;C:\WINDOWS\System32\WindowsPowerShell\v1.0\;C:\WINDOWS\System32\OpenSSH\;C:\Program Files\Git\cmd;C:\Program Files\nodejs\;D:\AndroidSetup\AndroidSDK\Android\Sdk\platform-tools;C:\Users\admin\AppData\Local\Programs\Python\Python313\Scripts\;C:\Users\admin\AppData\Local\Programs\Python\Python313\;C:\Users\admin\AppData\Local\Programs\Python\Launcher\;D:\AndroidSetup\flutter\bin;C:\Users\admin\AppData\Local\Microsoft\WindowsApps;C:\Program Files\Android\Android Studio\jre\bin;D:\AndroidSetup\dart-sdk\bin;D:\AndroidSetup\AndroidSDK\Android\Sdk;C:\Program Files\Android\Android Studio1\jbr\bin;D:\AndroidSetup\jdk-11.0.14\bin;C:\Users\admin\AppData\Local\Programs\Microsoft VS Code\bin;C:\Users\admin\AppData\Roaming\npm;D:\AndroidSetup\AndroidSDK\Android\Sdk\platform-tools;;D:\AndroidSetup\flutter\bin\mingit\cmd
USERNAME=admin
OS=Windows_NT
PROCESSOR_IDENTIFIER=Intel64 Family 6 Model 167 Stepping 1, GenuineIntel



---------------  S Y S T E M  ---------------

OS:
 Windows 11 , 64 bit Build 26100 (10.0.26100.3775)
OS uptime: 0 days 0:58 hours

CPU: total 12 (initial active 12) (6 cores per cpu, 2 threads per core) family 6 model 167 stepping 1 microcode 0x40, cx8, cmov, fxsr, ht, mmx, 3dnowpref, sse, sse2, sse3, ssse3, sse4.1, sse4.2, popcnt, lzcnt, tsc, tscinvbit, avx, avx2, aes, erms, clmul, bmi1, bmi2, adx, avx512f, avx512dq, avx512cd, avx512bw, avx512vl, sha, fma, vzeroupper, avx512_vpopcntdq, avx512_vpclmulqdq, avx512_vaes, avx512_vnni, clflush, clflushopt, avx512_vbmi2, avx512_vbmi

Memory: 4k page, system-wide physical 16181M (763M free)
TotalPageFile size 34832M (AvailPageFile size 0M)
current process WorkingSet (physical memory assigned to process): 184M, peak: 219M
current process commit charge ("private bytes"): 233M, peak: 398M

vm_info: Java HotSpot(TM) 64-Bit Server VM (17.0.11+7-LTS-207) for windows-amd64 JRE (17.0.11+7-LTS-207), built on Mar 11 2024 19:01:50 by "mach5one" with MS VC++ 17.6 (VS2022)

END.
